CRITICAL - 2025-08-06 05:57:30 --> ErrorException: Undefined variable $content
[Method: GET, Route: myhome]
in APPPATH\Views\template.php on line 17.
 1 APPPATH\Views\template.php(17): CodeIgniter\Debug\Exceptions->errorHandler(2, 'Undefined variable $content', 'C:\\xampp\\htdocs\\ITE311-CASTILLO\\app\\Views\\template.php', 17)
 2 SYSTEMPATH\View\View.php(226): include('C:\\xampp\\htdocs\\ITE311-CASTILLO\\app\\Views\\template.php')
 3 SYSTEMPATH\View\View.php(229): CodeIgniter\View\View->CodeIgniter\View\{closure}()
 4 SYSTEMPATH\View\View.php(242): CodeIgniter\View\View->render('template', [], true)
 5 SYSTEMPATH\Common.php(1167): CodeIgniter\View\View->render('home', [], true)
 6 APPPATH\Controllers\MyHome.php(9): view('home')
 7 SYSTEMPATH\CodeIgniter.php(933): App\Controllers\MyHome->index()
 8 SYSTEMPATH\CodeIgniter.php(507): CodeIgniter\CodeIgniter->runController(Object(App\Controllers\MyHome))
 9 SYSTEMPATH\CodeIgniter.php(354): CodeIgniter\CodeIgniter->handleRequest(null, Object(Config\Cache), false)
10 SYSTEMPATH\Boot.php(363): CodeIgniter\CodeIgniter->run()
11 SYSTEMPATH\Boot.php(68): CodeIgniter\Boot::runCodeIgniter(Object(CodeIgniter\CodeIgniter))
12 FCPATH\index.php(59): CodeIgniter\Boot::bootWeb(Object(Config\Paths))
CRITICAL - 2025-08-06 05:57:31 --> ErrorException: Undefined variable $content
[Method: GET, Route: myhome]
in APPPATH\Views\template.php on line 17.
 1 APPPATH\Views\template.php(17): CodeIgniter\Debug\Exceptions->errorHandler(2, 'Undefined variable $content', 'C:\\xampp\\htdocs\\ITE311-CASTILLO\\app\\Views\\template.php', 17)
 2 SYSTEMPATH\View\View.php(226): include('C:\\xampp\\htdocs\\ITE311-CASTILLO\\app\\Views\\template.php')
 3 SYSTEMPATH\View\View.php(229): CodeIgniter\View\View->CodeIgniter\View\{closure}()
 4 SYSTEMPATH\View\View.php(242): CodeIgniter\View\View->render('template', [], true)
 5 SYSTEMPATH\Common.php(1167): CodeIgniter\View\View->render('home', [], true)
 6 APPPATH\Controllers\MyHome.php(9): view('home')
 7 SYSTEMPATH\CodeIgniter.php(933): App\Controllers\MyHome->index()
 8 SYSTEMPATH\CodeIgniter.php(507): CodeIgniter\CodeIgniter->runController(Object(App\Controllers\MyHome))
 9 SYSTEMPATH\CodeIgniter.php(354): CodeIgniter\CodeIgniter->handleRequest(null, Object(Config\Cache), false)
10 SYSTEMPATH\Boot.php(363): CodeIgniter\CodeIgniter->run()
11 SYSTEMPATH\Boot.php(68): CodeIgniter\Boot::runCodeIgniter(Object(CodeIgniter\CodeIgniter))
12 FCPATH\index.php(59): CodeIgniter\Boot::bootWeb(Object(Config\Paths))
